2018-06-28 15:27:50.831464: I tensorflow/core/platform/cpu_feature_guard.cc:140] Your CPU supports instructions that this TensorFlow binary was not compiled to use: AVX2 AVX512F FMA
2018-06-28 15:27:50.943376: I tensorflow/stream_executor/cuda/cuda_gpu_executor.cc:898] successful NUMA node read from SysFS had negative value (-1), but there must be at least one NUMA node, so returning NUMA node zero
2018-06-28 15:27:50.943787: I tensorflow/core/common_runtime/gpu/gpu_device.cc:1356] Found device 0 with properties: 
name: Quadro GP100 major: 6 minor: 0 memoryClockRate(GHz): 1.4425
pciBusID: 0000:65:00.0
totalMemory: 15.90GiB freeMemory: 14.72GiB
2018-06-28 15:27:50.943799: I tensorflow/core/common_runtime/gpu/gpu_device.cc:1435] Adding visible gpu devices: 0
2018-06-28 15:27:51.125183: I tensorflow/core/common_runtime/gpu/gpu_device.cc:923] Device interconnect StreamExecutor with strength 1 edge matrix:
2018-06-28 15:27:51.125221: I tensorflow/core/common_runtime/gpu/gpu_device.cc:929]      0 
2018-06-28 15:27:51.125227: I tensorflow/core/common_runtime/gpu/gpu_device.cc:942] 0:   N 
2018-06-28 15:27:51.125411: I tensorflow/core/common_runtime/gpu/gpu_device.cc:1053] Created TensorFlow device (/job:localhost/replica:0/task:0/device:GPU:0 with 14269 MB memory) -> physical GPU (device: 0, name: Quadro GP100, pci bus id: 0000:65:00.0, compute capability: 6.0)
__________________________________________________________________________________________________
Layer (type)                    Output Shape         Param #     Connected to                     
==================================================================================================
input_1 (InputLayer)            (None, 19, 19, 19, 1 0                                            
__________________________________________________________________________________________________
input_2 (InputLayer)            (None, 19, 19, 19, 1 0                                            
__________________________________________________________________________________________________
input_3 (InputLayer)            (None, 19, 19, 19, 1 0                                            
__________________________________________________________________________________________________
input_4 (InputLayer)            (None, 19, 19, 19, 1 0                                            
__________________________________________________________________________________________________
input_5 (InputLayer)            (None, 19, 19, 19, 1 0                                            
__________________________________________________________________________________________________
input_6 (InputLayer)            (None, 19, 19, 19, 1 0                                            
__________________________________________________________________________________________________
input_7 (InputLayer)            (None, 19, 19, 19, 1 0                                            
__________________________________________________________________________________________________
input_8 (InputLayer)            (None, 19, 19, 19, 1 0                                            
__________________________________________________________________________________________________
input_9 (InputLayer)            (None, 19, 19, 19, 1 0                                            
__________________________________________________________________________________________________
input_10 (InputLayer)           (None, 19, 19, 19, 1 0                                            
__________________________________________________________________________________________________
input_11 (InputLayer)           (None, 19, 19, 19, 1 0                                            
__________________________________________________________________________________________________
input_12 (InputLayer)           (None, 19, 19, 19, 1 0                                            
__________________________________________________________________________________________________
input_13 (InputLayer)           (None, 19, 19, 19, 1 0                                            
__________________________________________________________________________________________________
input_14 (InputLayer)           (None, 19, 19, 19, 1 0                                            
__________________________________________________________________________________________________
input_15 (InputLayer)           (None, 19, 19, 19, 1 0                                            
__________________________________________________________________________________________________
input_16 (InputLayer)           (None, 19, 19, 19, 1 0                                            
__________________________________________________________________________________________________
input_17 (InputLayer)           (None, 19, 19, 19, 1 0                                            
__________________________________________________________________________________________________
input_18 (InputLayer)           (None, 19, 19, 19, 1 0                                            
__________________________________________________________________________________________________
input_19 (InputLayer)           (None, 19, 19, 19, 1 0                                            
__________________________________________________________________________________________________
input_20 (InputLayer)           (None, 19, 19, 19, 1 0                                            
__________________________________________________________________________________________________
input_21 (InputLayer)           (None, 19, 19, 19, 1 0                                            
__________________________________________________________________________________________________
conv3d_1 (Conv3D)               (None, 19, 19, 19, 3 6           input_1[0][0]                    
__________________________________________________________________________________________________
conv3d_2 (Conv3D)               (None, 19, 19, 19, 3 6           input_2[0][0]                    
__________________________________________________________________________________________________
conv3d_3 (Conv3D)               (None, 19, 19, 19, 3 6           input_3[0][0]                    
__________________________________________________________________________________________________
conv3d_4 (Conv3D)               (None, 19, 19, 19, 3 6           input_4[0][0]                    
__________________________________________________________________________________________________
conv3d_5 (Conv3D)               (None, 19, 19, 19, 3 6           input_5[0][0]                    
__________________________________________________________________________________________________
conv3d_6 (Conv3D)               (None, 19, 19, 19, 3 6           input_6[0][0]                    
__________________________________________________________________________________________________
conv3d_7 (Conv3D)               (None, 19, 19, 19, 3 6           input_7[0][0]                    
__________________________________________________________________________________________________
conv3d_8 (Conv3D)               (None, 19, 19, 19, 3 6           input_8[0][0]                    
__________________________________________________________________________________________________
conv3d_9 (Conv3D)               (None, 19, 19, 19, 3 6           input_9[0][0]                    
__________________________________________________________________________________________________
conv3d_10 (Conv3D)              (None, 19, 19, 19, 3 6           input_10[0][0]                   
__________________________________________________________________________________________________
conv3d_11 (Conv3D)              (None, 19, 19, 19, 3 6           input_11[0][0]                   
__________________________________________________________________________________________________
conv3d_12 (Conv3D)              (None, 19, 19, 19, 3 6           input_12[0][0]                   
__________________________________________________________________________________________________
conv3d_13 (Conv3D)              (None, 19, 19, 19, 3 6           input_13[0][0]                   
__________________________________________________________________________________________________
conv3d_14 (Conv3D)              (None, 19, 19, 19, 3 6           input_14[0][0]                   
__________________________________________________________________________________________________
conv3d_15 (Conv3D)              (None, 19, 19, 19, 3 6           input_15[0][0]                   
__________________________________________________________________________________________________
conv3d_16 (Conv3D)              (None, 19, 19, 19, 3 6           input_16[0][0]                   
__________________________________________________________________________________________________
conv3d_17 (Conv3D)              (None, 19, 19, 19, 3 6           input_17[0][0]                   
__________________________________________________________________________________________________
conv3d_18 (Conv3D)              (None, 19, 19, 19, 3 6           input_18[0][0]                   
__________________________________________________________________________________________________
conv3d_19 (Conv3D)              (None, 19, 19, 19, 3 6           input_19[0][0]                   
__________________________________________________________________________________________________
conv3d_20 (Conv3D)              (None, 19, 19, 19, 3 6           input_20[0][0]                   
__________________________________________________________________________________________________
conv3d_21 (Conv3D)              (None, 19, 19, 19, 3 6           input_21[0][0]                   
__________________________________________________________________________________________________
add_1 (Add)                     (None, 19, 19, 19, 3 0           conv3d_1[0][0]                   
                                                                 conv3d_2[0][0]                   
                                                                 conv3d_3[0][0]                   
                                                                 conv3d_4[0][0]                   
                                                                 conv3d_5[0][0]                   
                                                                 conv3d_6[0][0]                   
                                                                 conv3d_7[0][0]                   
                                                                 conv3d_8[0][0]                   
                                                                 conv3d_9[0][0]                   
                                                                 conv3d_10[0][0]                  
                                                                 conv3d_11[0][0]                  
                                                                 conv3d_12[0][0]                  
                                                                 conv3d_13[0][0]                  
                                                                 conv3d_14[0][0]                  
                                                                 conv3d_15[0][0]                  
                                                                 conv3d_16[0][0]                  
                                                                 conv3d_17[0][0]                  
                                                                 conv3d_18[0][0]                  
                                                                 conv3d_19[0][0]                  
                                                                 conv3d_20[0][0]                  
                                                                 conv3d_21[0][0]                  
__________________________________________________________________________________________________
conv3d_22 (Conv3D)              (None, 19, 19, 19, 7 574         add_1[0][0]                      
__________________________________________________________________________________________________
conv3d_23 (Conv3D)              (None, 19, 19, 19, 1 2660        conv3d_22[0][0]                  
__________________________________________________________________________________________________
max_pooling3d_1 (MaxPooling3D)  (None, 9, 9, 9, 14)  0           conv3d_23[0][0]                  
__________________________________________________________________________________________________
conv3d_24 (Conv3D)              (None, 7, 7, 7, 21)  7959        max_pooling3d_1[0][0]            
__________________________________________________________________________________________________
max_pooling3d_2 (MaxPooling3D)  (None, 3, 3, 3, 21)  0           conv3d_24[0][0]                  
__________________________________________________________________________________________________
flatten_1 (Flatten)             (None, 567)          0           max_pooling3d_2[0][0]            
__________________________________________________________________________________________________
dense_1 (Dense)                 (None, 100)          56800       flatten_1[0][0]                  
__________________________________________________________________________________________________
dense_2 (Dense)                 (None, 20)           2020        dense_1[0][0]                    
==================================================================================================
Total params: 70,139
Trainable params: 70,139
Non-trainable params: 0
__________________________________________________________________________________________________
Training with 1021017 validating with 113455
Epoch 1/3
 - 92413s - loss: 1.8369 - acc: 0.4067 - val_loss: 1.7377 - val_acc: 0.4383
Killed
